2017-11-28 09:58:12 DEBUG c.c.r.i.i.i.RequestLoggingInterceptor:32 [UUID=] - request method: GET, request URI: http://localhost:57778/Emisor/impresion/1, request headers: {Accept=[*/*], Content-Type=[application/json], Authorization=[Basic dXNlcjo1RFtqWjRSXyRyOHdZLlNM], cuenta=[Prodis], Content-Length=[0]}, request body: , response status code: 200, response headers: {X-Content-Type-Options=[nosniff], X-XSS-Protection=[1; mode=block], Cache-Control=[no-cache, no-store, max-age=0, must-revalidate], Pragma=[no-cache], Expires=[0], X-Frame-Options=[DENY], Set-Cookie=[JSESSIONID=1A2BD51DBF88477451E06BC20136D310; Path=/; HttpOnly], Content-Type=[application/json;charset=UTF-8], Transfer-Encoding=[chunked], Date=[Tue, 28 Nov 2017 15:58:12 GMT]}, response body: {"calle":"SAN DIEGO DE LOS PADRES","numeroExterior":"233","numeroInterior":"","codigoPostal":"76090","colonia":"","pais":"MEXICO","estado":"SAN LUIS POTOSI","municipio":null,"logo":"b97e85a4-fa6f-420a-9766-d4ebd1179056"}
2017-11-28 20:09:21 INFO  c.c.r.i.RepresentacionImpresaApplication:48 [UUID=] - Starting RepresentacionImpresaApplication on cesarvarela-PC with PID 8068 (/home/cesarvarela/CUBETECH/CFDI/representacionImpresa/target/classes started by cesarvarela in /home/cesarvarela/CUBETECH/CFDI/representacionImpresa)
2017-11-28 20:09:21 DEBUG c.c.r.i.RepresentacionImpresaApplication:51 [UUID=] - Running with Spring Boot v1.5.8.RELEASE, Spring v4.3.12.RELEASE
2017-11-28 20:09:21 INFO  c.c.r.i.RepresentacionImpresaApplication:597 [UUID=] - The following profiles are active: local
2017-11-28 20:22:20 INFO  c.c.r.i.RepresentacionImpresaApplication:48 [UUID=] - Starting RepresentacionImpresaApplication on cesarvarela-PC with PID 4073 (/home/cesarvarela/CUBETECH/CFDI/representacionImpresa/target/classes started by cesarvarela in /home/cesarvarela/CUBETECH/CFDI/representacionImpresa)
2017-11-28 20:22:20 DEBUG c.c.r.i.RepresentacionImpresaApplication:51 [UUID=] - Running with Spring Boot v1.5.8.RELEASE, Spring v4.3.12.RELEASE
2017-11-28 20:22:20 INFO  c.c.r.i.RepresentacionImpresaApplication:597 [UUID=] - The following profiles are active: local
2017-11-28 20:23:30 INFO  c.c.r.i.RepresentacionImpresaApplication:48 [UUID=] - Starting RepresentacionImpresaApplication on cesarvarela-PC with PID 4238 (/home/cesarvarela/CUBETECH/CFDI/representacionImpresa/target/classes started by cesarvarela in /home/cesarvarela/CUBETECH/CFDI/representacionImpresa)
2017-11-28 20:23:30 DEBUG c.c.r.i.RepresentacionImpresaApplication:51 [UUID=] - Running with Spring Boot v1.5.8.RELEASE, Spring v4.3.12.RELEASE
2017-11-28 20:23:30 INFO  c.c.r.i.RepresentacionImpresaApplication:597 [UUID=] - The following profiles are active: local
2017-11-28 20:23:36 INFO  c.c.r.i.RepresentacionImpresaApplication:20 [UUID=] - Spring boot application running in UTC timezone :Tue Nov 28 20:23:36 CST 2017
2017-11-28 20:23:38 INFO  c.c.r.i.RepresentacionImpresaApplication:57 [UUID=] - Started RepresentacionImpresaApplication in 9.389 seconds (JVM running for 9.966)
2017-11-28 20:26:48 INFO  c.c.r.i.RepresentacionImpresaApplication:48 [UUID=] - Starting RepresentacionImpresaApplication on cesarvarela-PC with PID 5078 (/home/cesarvarela/CUBETECH/CFDI/representacionImpresa/target/classes started by cesarvarela in /home/cesarvarela/CUBETECH/CFDI/representacionImpresa)
2017-11-28 20:26:48 DEBUG c.c.r.i.RepresentacionImpresaApplication:51 [UUID=] - Running with Spring Boot v1.5.8.RELEASE, Spring v4.3.12.RELEASE
2017-11-28 20:26:48 INFO  c.c.r.i.RepresentacionImpresaApplication:597 [UUID=] - The following profiles are active: local
2017-11-28 20:26:52 DEBUG org.hibernate.SQL:92 [UUID=] - alter table comprobante drop foreign key FKph8yme7khkimxagrm8o4wpjex
2017-11-28 20:26:52 DEBUG org.hibernate.SQL:92 [UUID=] - alter table cuenta_emisor drop foreign key FKehqg6tsbly8qwgv433d8lj6mi
2017-11-28 20:26:52 DEBUG org.hibernate.SQL:92 [UUID=] - drop table if exists comprobante
2017-11-28 20:26:53 DEBUG org.hibernate.SQL:92 [UUID=] - drop table if exists configuracion
2017-11-28 20:26:53 DEBUG org.hibernate.SQL:92 [UUID=] - drop table if exists cuenta_emisor
2017-11-28 20:26:53 DEBUG org.hibernate.SQL:92 [UUID=] - drop table if exists reporte
2017-11-28 20:26:53 DEBUG org.hibernate.SQL:92 [UUID=] - create table comprobante (uuid varchar(255) not null, emisor_direccion varchar(255), emisor_ubicacion varchar(255), logo_id varchar(255), receptor_direccion varchar(255), receptor_ubicacion varchar(255), reporte_id bigint, primary key (uuid))
2017-11-28 20:26:53 DEBUG org.hibernate.SQL:92 [UUID=] - create table configuracion (llave varchar(255) not null, valor varchar(255), primary key (llave))
2017-11-28 20:26:53 DEBUG org.hibernate.SQL:92 [UUID=] - create table cuenta_emisor (cuenta varchar(255) not null, emisor varchar(255) not null, tipo_comprobante varchar(255) not null, reporte_id bigint, primary key (cuenta, emisor, tipo_comprobante))
2017-11-28 20:26:54 DEBUG org.hibernate.SQL:92 [UUID=] - create table reporte (id bigint not null auto_increment, activo bit not null, uri varchar(255) not null, primary key (id))
2017-11-28 20:26:54 DEBUG org.hibernate.SQL:92 [UUID=] - alter table reporte add constraint UK_kq24x73e2g6ssr3gaqhg4iuou unique (uri)
2017-11-28 20:26:54 DEBUG org.hibernate.SQL:92 [UUID=] - alter table comprobante add constraint FKph8yme7khkimxagrm8o4wpjex foreign key (reporte_id) references reporte (id)
2017-11-28 20:26:55 DEBUG org.hibernate.SQL:92 [UUID=] - alter table cuenta_emisor add constraint FKehqg6tsbly8qwgv433d8lj6mi foreign key (reporte_id) references reporte (id)
2017-11-28 20:26:56 INFO  c.c.r.i.RepresentacionImpresaApplication:20 [UUID=] - Spring boot application running in UTC timezone :Tue Nov 28 20:26:56 CST 2017
2017-11-28 20:26:57 INFO  c.c.r.i.RepresentacionImpresaApplication:57 [UUID=] - Started RepresentacionImpresaApplication in 9.495 seconds (JVM running for 10.159)
2017-11-28 20:28:03 DEBUG org.hibernate.SQL:92 [UUID=] - alter table comprobante drop foreign key FKph8yme7khkimxagrm8o4wpjex
2017-11-28 20:28:03 DEBUG org.hibernate.SQL:92 [UUID=] - alter table cuenta_emisor drop foreign key FKehqg6tsbly8qwgv433d8lj6mi
2017-11-28 20:28:03 DEBUG org.hibernate.SQL:92 [UUID=] - drop table if exists comprobante
2017-11-28 20:28:03 DEBUG org.hibernate.SQL:92 [UUID=] - drop table if exists configuracion
2017-11-28 20:28:03 DEBUG org.hibernate.SQL:92 [UUID=] - drop table if exists cuenta_emisor
2017-11-28 20:28:03 DEBUG org.hibernate.SQL:92 [UUID=] - drop table if exists reporte
2017-11-28 20:28:06 INFO  c.c.r.i.RepresentacionImpresaApplication:48 [UUID=] - Starting RepresentacionImpresaApplication on cesarvarela-PC with PID 5181 (/home/cesarvarela/CUBETECH/CFDI/representacionImpresa/target/classes started by cesarvarela in /home/cesarvarela/CUBETECH/CFDI/representacionImpresa)
2017-11-28 20:28:06 DEBUG c.c.r.i.RepresentacionImpresaApplication:51 [UUID=] - Running with Spring Boot v1.5.8.RELEASE, Spring v4.3.12.RELEASE
2017-11-28 20:28:06 INFO  c.c.r.i.RepresentacionImpresaApplication:597 [UUID=] - The following profiles are active: local
2017-11-28 20:28:10 DEBUG org.hibernate.SQL:92 [UUID=] - alter table comprobante drop foreign key FKph8yme7khkimxagrm8o4wpjex
2017-11-28 20:28:10 DEBUG org.hibernate.SQL:92 [UUID=] - alter table cuenta_emisor drop foreign key FKehqg6tsbly8qwgv433d8lj6mi
2017-11-28 20:28:10 DEBUG org.hibernate.SQL:92 [UUID=] - drop table if exists comprobante
2017-11-28 20:28:10 DEBUG org.hibernate.SQL:92 [UUID=] - drop table if exists configuracion
2017-11-28 20:28:10 DEBUG org.hibernate.SQL:92 [UUID=] - drop table if exists cuenta_emisor
2017-11-28 20:28:10 DEBUG org.hibernate.SQL:92 [UUID=] - drop table if exists reporte
2017-11-28 20:28:10 DEBUG org.hibernate.SQL:92 [UUID=] - create table comprobante (uuid varchar(255) not null, emisor_direccion varchar(255), emisor_ubicacion varchar(255), logo_id varchar(255), receptor_direccion varchar(255), receptor_ubicacion varchar(255), reporte_id bigint not null, primary key (uuid))
2017-11-28 20:28:11 DEBUG org.hibernate.SQL:92 [UUID=] - create table configuracion (llave varchar(255) not null, valor varchar(255), primary key (llave))
2017-11-28 20:28:11 DEBUG org.hibernate.SQL:92 [UUID=] - create table cuenta_emisor (cuenta varchar(255) not null, emisor varchar(255) not null, tipo_comprobante varchar(255) not null, reporte_id bigint, primary key (cuenta, emisor, tipo_comprobante))
2017-11-28 20:28:11 DEBUG org.hibernate.SQL:92 [UUID=] - create table reporte (id bigint not null auto_increment, activo bit not null, uri varchar(255) not null, primary key (id))
2017-11-28 20:28:12 DEBUG org.hibernate.SQL:92 [UUID=] - alter table reporte add constraint UK_kq24x73e2g6ssr3gaqhg4iuou unique (uri)
2017-11-28 20:28:12 DEBUG org.hibernate.SQL:92 [UUID=] - alter table comprobante add constraint FKph8yme7khkimxagrm8o4wpjex foreign key (reporte_id) references reporte (id)
2017-11-28 20:28:13 DEBUG org.hibernate.SQL:92 [UUID=] - alter table cuenta_emisor add constraint FKehqg6tsbly8qwgv433d8lj6mi foreign key (reporte_id) references reporte (id)
2017-11-28 20:28:13 INFO  c.c.r.i.RepresentacionImpresaApplication:20 [UUID=] - Spring boot application running in UTC timezone :Tue Nov 28 20:28:13 CST 2017
2017-11-28 20:28:15 INFO  c.c.r.i.RepresentacionImpresaApplication:57 [UUID=] - Started RepresentacionImpresaApplication in 8.936 seconds (JVM running for 9.534)
2017-11-28 20:29:11 DEBUG org.hibernate.SQL:92 [UUID=] - alter table comprobante drop foreign key FKph8yme7khkimxagrm8o4wpjex
2017-11-28 20:29:11 DEBUG org.hibernate.SQL:92 [UUID=] - alter table cuenta_emisor drop foreign key FKehqg6tsbly8qwgv433d8lj6mi
2017-11-28 20:29:11 DEBUG org.hibernate.SQL:92 [UUID=] - drop table if exists comprobante
2017-11-28 20:29:11 DEBUG org.hibernate.SQL:92 [UUID=] - drop table if exists configuracion
2017-11-28 20:29:12 DEBUG org.hibernate.SQL:92 [UUID=] - drop table if exists cuenta_emisor
2017-11-28 20:29:12 DEBUG org.hibernate.SQL:92 [UUID=] - drop table if exists reporte
2017-11-28 20:29:15 INFO  c.c.r.i.RepresentacionImpresaApplication:48 [UUID=] - Starting RepresentacionImpresaApplication on cesarvarela-PC with PID 5283 (/home/cesarvarela/CUBETECH/CFDI/representacionImpresa/target/classes started by cesarvarela in /home/cesarvarela/CUBETECH/CFDI/representacionImpresa)
2017-11-28 20:29:15 DEBUG c.c.r.i.RepresentacionImpresaApplication:51 [UUID=] - Running with Spring Boot v1.5.8.RELEASE, Spring v4.3.12.RELEASE
2017-11-28 20:29:15 INFO  c.c.r.i.RepresentacionImpresaApplication:597 [UUID=] - The following profiles are active: local
2017-11-28 20:29:19 DEBUG org.hibernate.SQL:92 [UUID=] - alter table comprobante drop foreign key FKph8yme7khkimxagrm8o4wpjex
2017-11-28 20:29:19 DEBUG org.hibernate.SQL:92 [UUID=] - alter table cuenta_emisor drop foreign key FKehqg6tsbly8qwgv433d8lj6mi
2017-11-28 20:29:19 DEBUG org.hibernate.SQL:92 [UUID=] - drop table if exists comprobante
2017-11-28 20:29:19 DEBUG org.hibernate.SQL:92 [UUID=] - drop table if exists configuracion
2017-11-28 20:29:19 DEBUG org.hibernate.SQL:92 [UUID=] - drop table if exists cuenta_emisor
2017-11-28 20:29:19 DEBUG org.hibernate.SQL:92 [UUID=] - drop table if exists reporte
2017-11-28 20:29:19 DEBUG org.hibernate.SQL:92 [UUID=] - create table comprobante (uuid varchar(255) not null, emisor_direccion varchar(255), emisor_ubicacion varchar(255), logo_id varchar(255), receptor_direccion varchar(255), receptor_ubicacion varchar(255), reporte_id bigint not null, primary key (uuid))
2017-11-28 20:29:19 DEBUG org.hibernate.SQL:92 [UUID=] - create table configuracion (llave varchar(255) not null, valor varchar(255), primary key (llave))
2017-11-28 20:29:20 DEBUG org.hibernate.SQL:92 [UUID=] - create table cuenta_emisor (cuenta varchar(255) not null, emisor varchar(255) not null, tipo_comprobante varchar(255) not null, reporte_id bigint not null, primary key (cuenta, emisor, tipo_comprobante))
2017-11-28 20:29:20 DEBUG org.hibernate.SQL:92 [UUID=] - create table reporte (id bigint not null auto_increment, activo bit not null, uri varchar(255) not null, primary key (id))
2017-11-28 20:29:20 DEBUG org.hibernate.SQL:92 [UUID=] - alter table reporte add constraint UK_kq24x73e2g6ssr3gaqhg4iuou unique (uri)
2017-11-28 20:29:20 DEBUG org.hibernate.SQL:92 [UUID=] - alter table comprobante add constraint FKph8yme7khkimxagrm8o4wpjex foreign key (reporte_id) references reporte (id)
2017-11-28 20:29:21 DEBUG org.hibernate.SQL:92 [UUID=] - alter table cuenta_emisor add constraint FKehqg6tsbly8qwgv433d8lj6mi foreign key (reporte_id) references reporte (id)
2017-11-28 20:29:22 INFO  c.c.r.i.RepresentacionImpresaApplication:20 [UUID=] - Spring boot application running in UTC timezone :Tue Nov 28 20:29:22 CST 2017
2017-11-28 20:29:23 INFO  c.c.r.i.RepresentacionImpresaApplication:57 [UUID=] - Started RepresentacionImpresaApplication in 8.569 seconds (JVM running for 9.135)
2017-11-28 22:39:02 DEBUG org.hibernate.SQL:92 [UUID=] - alter table comprobante drop foreign key FKph8yme7khkimxagrm8o4wpjex
2017-11-28 22:39:02 DEBUG org.hibernate.SQL:92 [UUID=] - alter table cuenta_emisor drop foreign key FKehqg6tsbly8qwgv433d8lj6mi
2017-11-28 22:39:02 DEBUG org.hibernate.SQL:92 [UUID=] - drop table if exists comprobante
2017-11-28 22:39:03 DEBUG org.hibernate.SQL:92 [UUID=] - drop table if exists configuracion
2017-11-28 22:39:03 DEBUG org.hibernate.SQL:92 [UUID=] - drop table if exists cuenta_emisor
2017-11-28 22:39:03 DEBUG org.hibernate.SQL:92 [UUID=] - drop table if exists reporte
2017-11-28 22:42:40 INFO  c.c.r.i.RepresentacionImpresaApplication:48 [UUID=] - Starting RepresentacionImpresaApplication on cesarvarela-PC with PID 9273 (/home/cesarvarela/CUBETECH/CFDI/representacionImpresa/target/classes started by cesarvarela in /home/cesarvarela/CUBETECH/CFDI/representacionImpresa)
2017-11-28 22:42:40 DEBUG c.c.r.i.RepresentacionImpresaApplication:51 [UUID=] - Running with Spring Boot v1.5.8.RELEASE, Spring v4.3.12.RELEASE
2017-11-28 22:42:40 INFO  c.c.r.i.RepresentacionImpresaApplication:597 [UUID=] - The following profiles are active: local
2017-11-28 22:42:47 INFO  c.c.r.i.RepresentacionImpresaApplication:20 [UUID=] - Spring boot application running in UTC timezone :Tue Nov 28 22:42:47 CST 2017
2017-11-28 22:42:48 INFO  c.c.r.i.RepresentacionImpresaApplication:57 [UUID=] - Started RepresentacionImpresaApplication in 9.225 seconds (JVM running for 9.916)
