2017-11-29 00:41:11 INFO  c.c.r.i.d.r.CuentaEmisorRepositoryTest:48 [UUID=] - Starting CuentaEmisorRepositoryTest on cesarvarela-PC with PID 13881 (started by cesarvarela in /home/cesarvarela/CUBETECH/CFDI/representacionImpresa)
2017-11-29 00:41:11 DEBUG c.c.r.i.d.r.CuentaEmisorRepositoryTest:51 [UUID=] - Running with Spring Boot v1.5.8.RELEASE, Spring v4.3.12.RELEASE
2017-11-29 00:41:11 INFO  c.c.r.i.d.r.CuentaEmisorRepositoryTest:597 [UUID=] - The following profiles are active: local
2017-11-29 00:41:13 INFO  c.c.r.i.d.r.CuentaEmisorRepositoryTest:48 [UUID=] - Starting CuentaEmisorRepositoryTest on cesarvarela-PC with PID 13881 (started by cesarvarela in /home/cesarvarela/CUBETECH/CFDI/representacionImpresa)
2017-11-29 00:41:13 DEBUG c.c.r.i.d.r.CuentaEmisorRepositoryTest:51 [UUID=] - Running with Spring Boot v1.5.8.RELEASE, Spring v4.3.12.RELEASE
2017-11-29 00:41:13 INFO  c.c.r.i.d.r.CuentaEmisorRepositoryTest:597 [UUID=] - The following profiles are active: local
2017-11-29 00:41:13 INFO  c.c.r.i.d.r.CuentaEmisorRepositoryTest:48 [UUID=] - Starting CuentaEmisorRepositoryTest on cesarvarela-PC with PID 13881 (started by cesarvarela in /home/cesarvarela/CUBETECH/CFDI/representacionImpresa)
2017-11-29 00:41:13 DEBUG c.c.r.i.d.r.CuentaEmisorRepositoryTest:51 [UUID=] - Running with Spring Boot v1.5.8.RELEASE, Spring v4.3.12.RELEASE
2017-11-29 00:41:13 INFO  c.c.r.i.d.r.CuentaEmisorRepositoryTest:597 [UUID=] - The following profiles are active: local
2017-11-29 00:41:14 INFO  c.c.r.i.d.r.CuentaEmisorRepositoryTest:48 [UUID=] - Starting CuentaEmisorRepositoryTest on cesarvarela-PC with PID 13881 (started by cesarvarela in /home/cesarvarela/CUBETECH/CFDI/representacionImpresa)
2017-11-29 00:41:14 DEBUG c.c.r.i.d.r.CuentaEmisorRepositoryTest:51 [UUID=] - Running with Spring Boot v1.5.8.RELEASE, Spring v4.3.12.RELEASE
2017-11-29 00:41:14 INFO  c.c.r.i.d.r.CuentaEmisorRepositoryTest:597 [UUID=] - The following profiles are active: local
2017-11-29 00:43:51 INFO  c.c.r.i.d.r.CuentaEmisorRepositoryTest:48 [UUID=] - Starting CuentaEmisorRepositoryTest on cesarvarela-PC with PID 14016 (started by cesarvarela in /home/cesarvarela/CUBETECH/CFDI/representacionImpresa)
2017-11-29 00:43:51 DEBUG c.c.r.i.d.r.CuentaEmisorRepositoryTest:51 [UUID=] - Running with Spring Boot v1.5.8.RELEASE, Spring v4.3.12.RELEASE
2017-11-29 00:43:51 INFO  c.c.r.i.d.r.CuentaEmisorRepositoryTest:597 [UUID=] - The following profiles are active: local
2017-11-29 00:43:55 INFO  c.c.r.i.RepresentacionImpresaApplication:20 [UUID=] - Spring boot application running in UTC timezone :Wed Nov 29 00:43:55 CST 2017
2017-11-29 00:43:55 INFO  c.c.r.i.d.r.CuentaEmisorRepositoryTest:57 [UUID=] - Started CuentaEmisorRepositoryTest in 4.32 seconds (JVM running for 5.34)
2017-11-29 00:45:41 INFO  c.c.r.i.d.r.CuentaEmisorRepositoryTest:48 [UUID=] - Starting CuentaEmisorRepositoryTest on cesarvarela-PC with PID 14116 (started by cesarvarela in /home/cesarvarela/CUBETECH/CFDI/representacionImpresa)
2017-11-29 00:45:41 DEBUG c.c.r.i.d.r.CuentaEmisorRepositoryTest:51 [UUID=] - Running with Spring Boot v1.5.8.RELEASE, Spring v4.3.12.RELEASE
2017-11-29 00:45:41 INFO  c.c.r.i.d.r.CuentaEmisorRepositoryTest:597 [UUID=] - The following profiles are active: local
2017-11-29 00:45:44 INFO  c.c.r.i.RepresentacionImpresaApplication:20 [UUID=] - Spring boot application running in UTC timezone :Wed Nov 29 00:45:44 CST 2017
2017-11-29 00:45:45 INFO  c.c.r.i.d.r.CuentaEmisorRepositoryTest:57 [UUID=] - Started CuentaEmisorRepositoryTest in 4.746 seconds (JVM running for 6.2)
2017-11-29 00:48:52 INFO  c.c.r.i.d.r.CuentaEmisorRepositoryTest:48 [UUID=] - Starting CuentaEmisorRepositoryTest on cesarvarela-PC with PID 14318 (started by cesarvarela in /home/cesarvarela/CUBETECH/CFDI/representacionImpresa)
2017-11-29 00:48:52 DEBUG c.c.r.i.d.r.CuentaEmisorRepositoryTest:51 [UUID=] - Running with Spring Boot v1.5.8.RELEASE, Spring v4.3.12.RELEASE
2017-11-29 00:48:52 INFO  c.c.r.i.d.r.CuentaEmisorRepositoryTest:597 [UUID=] - The following profiles are active: local
2017-11-29 00:48:55 INFO  c.c.r.i.RepresentacionImpresaApplication:20 [UUID=] - Spring boot application running in UTC timezone :Wed Nov 29 00:48:55 CST 2017
2017-11-29 00:48:56 INFO  c.c.r.i.d.r.CuentaEmisorRepositoryTest:57 [UUID=] - Started CuentaEmisorRepositoryTest in 5.11 seconds (JVM running for 6.391)
2017-11-29 00:49:01 DEBUG org.hibernate.SQL:92 [UUID=] - insert into reporte (id, activo, uri) values (default, ?, ?)
2017-11-29 00:49:22 DEBUG org.hibernate.SQL:92 [UUID=] - insert into reporte (id, activo, uri) values (default, ?, ?)
2017-11-29 00:49:26 DEBUG org.hibernate.SQL:92 [UUID=] - select cuentaemis0_.cuenta as cuenta1_2_0_, cuentaemis0_.emisor as emisor2_2_0_, cuentaemis0_.tipo_comprobante as tipo_com3_2_0_, cuentaemis0_.reporte_id as reporte_4_2_0_ from cuenta_emisor cuentaemis0_ where cuentaemis0_.cuenta=? and cuentaemis0_.emisor=? and cuentaemis0_.tipo_comprobante=?
2017-11-29 00:52:56 INFO  c.c.r.i.d.r.CuentaEmisorRepositoryTest:48 [UUID=] - Starting CuentaEmisorRepositoryTest on cesarvarela-PC with PID 14636 (started by cesarvarela in /home/cesarvarela/CUBETECH/CFDI/representacionImpresa)
2017-11-29 00:52:56 DEBUG c.c.r.i.d.r.CuentaEmisorRepositoryTest:51 [UUID=] - Running with Spring Boot v1.5.8.RELEASE, Spring v4.3.12.RELEASE
2017-11-29 00:52:56 INFO  c.c.r.i.d.r.CuentaEmisorRepositoryTest:597 [UUID=] - The following profiles are active: local
2017-11-29 00:52:59 INFO  c.c.r.i.RepresentacionImpresaApplication:20 [UUID=] - Spring boot application running in UTC timezone :Wed Nov 29 00:52:59 CST 2017
2017-11-29 00:52:59 INFO  c.c.r.i.d.r.CuentaEmisorRepositoryTest:57 [UUID=] - Started CuentaEmisorRepositoryTest in 4.095 seconds (JVM running for 5.268)
2017-11-29 00:52:59 DEBUG org.hibernate.SQL:92 [UUID=] - insert into reporte (id, activo, uri) values (default, ?, ?)
2017-11-29 00:53:00 DEBUG org.hibernate.SQL:92 [UUID=] - insert into reporte (id, activo, uri) values (default, ?, ?)
2017-11-29 00:53:00 DEBUG org.hibernate.SQL:92 [UUID=] - select cuentaemis0_.cuenta as cuenta1_2_0_, cuentaemis0_.emisor as emisor2_2_0_, cuentaemis0_.tipo_comprobante as tipo_com3_2_0_, cuentaemis0_.reporte_id as reporte_4_2_0_ from cuenta_emisor cuentaemis0_ where cuentaemis0_.cuenta=? and cuentaemis0_.emisor=? and cuentaemis0_.tipo_comprobante=?
2017-11-29 00:54:01 INFO  c.c.r.i.d.r.CuentaEmisorRepositoryTest:48 [UUID=] - Starting CuentaEmisorRepositoryTest on cesarvarela-PC with PID 14731 (started by cesarvarela in /home/cesarvarela/CUBETECH/CFDI/representacionImpresa)
2017-11-29 00:54:01 DEBUG c.c.r.i.d.r.CuentaEmisorRepositoryTest:51 [UUID=] - Running with Spring Boot v1.5.8.RELEASE, Spring v4.3.12.RELEASE
2017-11-29 00:54:01 INFO  c.c.r.i.d.r.CuentaEmisorRepositoryTest:597 [UUID=] - The following profiles are active: local
2017-11-29 00:54:05 INFO  c.c.r.i.RepresentacionImpresaApplication:20 [UUID=] - Spring boot application running in UTC timezone :Wed Nov 29 00:54:05 CST 2017
2017-11-29 00:54:05 INFO  c.c.r.i.d.r.CuentaEmisorRepositoryTest:57 [UUID=] - Started CuentaEmisorRepositoryTest in 4.266 seconds (JVM running for 5.404)
2017-11-29 00:54:05 DEBUG org.hibernate.SQL:92 [UUID=] - insert into reporte (id, activo, uri) values (default, ?, ?)
2017-11-29 00:54:05 DEBUG org.hibernate.SQL:92 [UUID=] - insert into reporte (id, activo, uri) values (default, ?, ?)
2017-11-29 00:54:05 DEBUG org.hibernate.SQL:92 [UUID=] - select cuentaemis0_.cuenta as cuenta1_2_0_, cuentaemis0_.emisor as emisor2_2_0_, cuentaemis0_.tipo_comprobante as tipo_com3_2_0_, cuentaemis0_.reporte_id as reporte_4_2_0_ from cuenta_emisor cuentaemis0_ where cuentaemis0_.cuenta=? and cuentaemis0_.emisor=? and cuentaemis0_.tipo_comprobante=?
2017-11-29 00:54:05 DEBUG c.c.r.i.d.r.CuentaEmisorRepositoryTest:44 [UUID=] - Cuenta: CuentaEmisor(emisorReporte=EmisorReporte(cuenta=CUBE, emisor=1, tipoComprobante=I), reporte=Reporte(id=2, ubicacion=TemplateReporte(uri=jasper/comprobante.jasper), activo=true))
2017-11-29 01:00:26 INFO  c.c.r.i.d.r.CuentaEmisorRepositoryTest:48 [UUID=] - Starting CuentaEmisorRepositoryTest on cesarvarela-PC with PID 15147 (started by cesarvarela in /home/cesarvarela/CUBETECH/CFDI/representacionImpresa)
2017-11-29 01:00:26 DEBUG c.c.r.i.d.r.CuentaEmisorRepositoryTest:51 [UUID=] - Running with Spring Boot v1.5.8.RELEASE, Spring v4.3.12.RELEASE
2017-11-29 01:00:26 INFO  c.c.r.i.d.r.CuentaEmisorRepositoryTest:597 [UUID=] - The following profiles are active: local
2017-11-29 01:00:29 INFO  c.c.r.i.RepresentacionImpresaApplication:20 [UUID=] - Spring boot application running in UTC timezone :Wed Nov 29 01:00:29 CST 2017
2017-11-29 01:00:29 INFO  c.c.r.i.d.r.CuentaEmisorRepositoryTest:57 [UUID=] - Started CuentaEmisorRepositoryTest in 4.09 seconds (JVM running for 5.165)
2017-11-29 01:00:29 DEBUG org.hibernate.SQL:92 [UUID=] - insert into reporte (id, activo, uri) values (default, ?, ?)
2017-11-29 01:00:29 DEBUG org.hibernate.SQL:92 [UUID=] - insert into reporte (id, activo, uri) values (default, ?, ?)
2017-11-29 01:00:29 DEBUG org.hibernate.SQL:92 [UUID=] - select cuentaemis0_.cuenta as cuenta1_2_0_, cuentaemis0_.emisor as emisor2_2_0_, cuentaemis0_.tipo_comprobante as tipo_com3_2_0_, cuentaemis0_.reporte_id as reporte_4_2_0_ from cuenta_emisor cuentaemis0_ where cuentaemis0_.cuenta=? and cuentaemis0_.emisor=? and cuentaemis0_.tipo_comprobante=?
2017-11-29 01:00:30 DEBUG c.c.r.i.d.r.CuentaEmisorRepositoryTest:46 [UUID=] - Cuenta: CuentaEmisor(emisorReporte=EmisorReporte(cuenta=CUBE, emisor=1, tipoComprobante=I), reporte=Reporte(id=2, ubicacion=TemplateReporte(uri=jasper/comprobante.jasper), activo=true))
2017-11-29 01:04:52 INFO  c.c.r.i.d.r.CuentaEmisorRepositoryTest:48 [UUID=] - Starting CuentaEmisorRepositoryTest on cesarvarela-PC with PID 15376 (started by cesarvarela in /home/cesarvarela/CUBETECH/CFDI/representacionImpresa)
2017-11-29 01:04:52 DEBUG c.c.r.i.d.r.CuentaEmisorRepositoryTest:51 [UUID=] - Running with Spring Boot v1.5.8.RELEASE, Spring v4.3.12.RELEASE
2017-11-29 01:04:52 INFO  c.c.r.i.d.r.CuentaEmisorRepositoryTest:597 [UUID=] - The following profiles are active: local
2017-11-29 01:04:56 INFO  c.c.r.i.RepresentacionImpresaApplication:20 [UUID=] - Spring boot application running in UTC timezone :Wed Nov 29 01:04:56 CST 2017
2017-11-29 01:04:56 INFO  c.c.r.i.d.r.CuentaEmisorRepositoryTest:57 [UUID=] - Started CuentaEmisorRepositoryTest in 4.316 seconds (JVM running for 5.496)
2017-11-29 01:04:56 DEBUG org.hibernate.SQL:92 [UUID=] - insert into reporte (id, activo, uri) values (default, ?, ?)
2017-11-29 01:04:56 DEBUG org.hibernate.SQL:92 [UUID=] - select cuentaemis0_.cuenta as cuenta1_2_0_, cuentaemis0_.emisor as emisor2_2_0_, cuentaemis0_.tipo_comprobante as tipo_com3_2_0_, cuentaemis0_.reporte_id as reporte_4_2_0_ from cuenta_emisor cuentaemis0_ where cuentaemis0_.cuenta=? and cuentaemis0_.emisor=? and cuentaemis0_.tipo_comprobante=?
2017-11-29 01:04:56 DEBUG c.c.r.i.d.r.CuentaEmisorRepositoryTest:50 [UUID=] - Cuenta
2017-11-29 01:05:13 INFO  c.c.r.i.d.r.CuentaEmisorRepositoryTest:48 [UUID=] - Starting CuentaEmisorRepositoryTest on cesarvarela-PC with PID 15417 (started by cesarvarela in /home/cesarvarela/CUBETECH/CFDI/representacionImpresa)
2017-11-29 01:05:13 DEBUG c.c.r.i.d.r.CuentaEmisorRepositoryTest:51 [UUID=] - Running with Spring Boot v1.5.8.RELEASE, Spring v4.3.12.RELEASE
2017-11-29 01:05:13 INFO  c.c.r.i.d.r.CuentaEmisorRepositoryTest:597 [UUID=] - The following profiles are active: local
2017-11-29 01:05:16 INFO  c.c.r.i.RepresentacionImpresaApplication:20 [UUID=] - Spring boot application running in UTC timezone :Wed Nov 29 01:05:16 CST 2017
2017-11-29 01:05:17 INFO  c.c.r.i.d.r.CuentaEmisorRepositoryTest:57 [UUID=] - Started CuentaEmisorRepositoryTest in 4.26 seconds (JVM running for 5.356)
2017-11-29 01:05:17 DEBUG org.hibernate.SQL:92 [UUID=] - insert into reporte (id, activo, uri) values (default, ?, ?)
2017-11-29 01:05:17 DEBUG org.hibernate.SQL:92 [UUID=] - select cuentaemis0_.cuenta as cuenta1_2_0_, cuentaemis0_.emisor as emisor2_2_0_, cuentaemis0_.tipo_comprobante as tipo_com3_2_0_, cuentaemis0_.reporte_id as reporte_4_2_0_ from cuenta_emisor cuentaemis0_ where cuentaemis0_.cuenta=? and cuentaemis0_.emisor=? and cuentaemis0_.tipo_comprobante=?
2017-11-29 01:05:17 DEBUG c.c.r.i.d.r.CuentaEmisorRepositoryTest:50 [UUID=] - Cuenta, CuentaEmisor(emisorReporte=EmisorReporte(cuenta=CUBE, emisor=1, tipoComprobante=I), reporte=Reporte(id=1, ubicacion=TemplateReporte(uri=jasper/comprobante.jasper), activo=true))
2017-11-29 01:07:03 INFO  c.c.r.i.d.r.CuentaEmisorRepositoryTest:48 [UUID=] - Starting CuentaEmisorRepositoryTest on cesarvarela-PC with PID 15530 (started by cesarvarela in /home/cesarvarela/CUBETECH/CFDI/representacionImpresa)
2017-11-29 01:07:03 DEBUG c.c.r.i.d.r.CuentaEmisorRepositoryTest:51 [UUID=] - Running with Spring Boot v1.5.8.RELEASE, Spring v4.3.12.RELEASE
2017-11-29 01:07:03 INFO  c.c.r.i.d.r.CuentaEmisorRepositoryTest:597 [UUID=] - The following profiles are active: local
2017-11-29 01:07:06 INFO  c.c.r.i.RepresentacionImpresaApplication:20 [UUID=] - Spring boot application running in UTC timezone :Wed Nov 29 01:07:06 CST 2017
2017-11-29 01:07:07 INFO  c.c.r.i.d.r.CuentaEmisorRepositoryTest:57 [UUID=] - Started CuentaEmisorRepositoryTest in 4.008 seconds (JVM running for 5.137)
2017-11-29 01:07:07 DEBUG org.hibernate.SQL:92 [UUID=] - insert into reporte (id, activo, uri) values (default, ?, ?)
2017-11-29 01:07:07 DEBUG org.hibernate.SQL:92 [UUID=] - select cuentaemis0_.cuenta as cuenta1_2_0_, cuentaemis0_.emisor as emisor2_2_0_, cuentaemis0_.tipo_comprobante as tipo_com3_2_0_, cuentaemis0_.reporte_id as reporte_4_2_0_ from cuenta_emisor cuentaemis0_ where cuentaemis0_.cuenta=? and cuentaemis0_.emisor=? and cuentaemis0_.tipo_comprobante=?
2017-11-29 01:07:07 DEBUG c.c.r.i.d.r.CuentaEmisorRepositoryTest:50 [UUID=] - Cuenta, CuentaEmisor(emisorReporte=EmisorReporte(cuenta=CUBE, emisor=1, tipoComprobante=I), reporte=Reporte(id=1, ubicacion=TemplateReporte(uri=jasper/comprobante.jasper), activo=true))
2017-11-29 12:13:42 INFO  c.c.r.i.RepresentacionImpresaApplication:48 [UUID=] - Starting RepresentacionImpresaApplication on cesarvarela-PC with PID 15464 (/home/cesarvarela/CUBETECH/CFDI/representacionImpresa/target/classes started by cesarvarela in /home/cesarvarela/CUBETECH/CFDI/representacionImpresa)
2017-11-29 12:13:42 DEBUG c.c.r.i.RepresentacionImpresaApplication:51 [UUID=] - Running with Spring Boot v1.5.8.RELEASE, Spring v4.3.12.RELEASE
2017-11-29 12:13:42 INFO  c.c.r.i.RepresentacionImpresaApplication:597 [UUID=] - The following profiles are active: local
2017-11-29 12:13:48 DEBUG org.hibernate.SQL:92 [UUID=] - alter table comprobante drop foreign key FKph8yme7khkimxagrm8o4wpjex
2017-11-29 12:13:48 DEBUG org.hibernate.SQL:92 [UUID=] - alter table cuenta_emisor drop foreign key FKehqg6tsbly8qwgv433d8lj6mi
2017-11-29 12:13:48 DEBUG org.hibernate.SQL:92 [UUID=] - drop table if exists comprobante
2017-11-29 12:13:48 DEBUG org.hibernate.SQL:92 [UUID=] - drop table if exists configuracion
2017-11-29 12:13:48 DEBUG org.hibernate.SQL:92 [UUID=] - drop table if exists cuenta_emisor
2017-11-29 12:13:48 DEBUG org.hibernate.SQL:92 [UUID=] - drop table if exists reporte
2017-11-29 12:13:48 DEBUG org.hibernate.SQL:92 [UUID=] - create table comprobante (uuid varchar(255) not null, emisor tinyblob, logo tinyblob, receptor_direccion varchar(255), receptor_ubicacion varchar(255), reporte_id bigint not null, primary key (uuid))
2017-11-29 12:13:49 DEBUG org.hibernate.SQL:92 [UUID=] - create table configuracion (llave varchar(255) not null, valor varchar(255), primary key (llave))
2017-11-29 12:13:49 DEBUG org.hibernate.SQL:92 [UUID=] - create table cuenta_emisor (cuenta varchar(255) not null, emisor varchar(255) not null, tipo_comprobante varchar(255) not null, reporte_id bigint not null, primary key (cuenta, emisor, tipo_comprobante))
2017-11-29 12:13:49 DEBUG org.hibernate.SQL:92 [UUID=] - create table reporte (id bigint not null auto_increment, activo bit not null, uri varchar(255) not null, primary key (id))
2017-11-29 12:13:49 DEBUG org.hibernate.SQL:92 [UUID=] - alter table reporte add constraint UK_kq24x73e2g6ssr3gaqhg4iuou unique (uri)
2017-11-29 12:13:50 DEBUG org.hibernate.SQL:92 [UUID=] - alter table comprobante add constraint FKph8yme7khkimxagrm8o4wpjex foreign key (reporte_id) references reporte (id)
2017-11-29 12:13:50 DEBUG org.hibernate.SQL:92 [UUID=] - alter table cuenta_emisor add constraint FKehqg6tsbly8qwgv433d8lj6mi foreign key (reporte_id) references reporte (id)
2017-11-29 12:13:51 INFO  c.c.r.i.RepresentacionImpresaApplication:20 [UUID=] - Spring boot application running in UTC timezone :Wed Nov 29 12:13:51 CST 2017
2017-11-29 12:13:54 INFO  c.c.r.i.RepresentacionImpresaApplication:57 [UUID=] - Started RepresentacionImpresaApplication in 12.21 seconds (JVM running for 13.102)
2017-11-29 12:14:11 DEBUG org.hibernate.SQL:92 [UUID=] - alter table comprobante drop foreign key FKph8yme7khkimxagrm8o4wpjex
2017-11-29 12:14:11 DEBUG org.hibernate.SQL:92 [UUID=] - alter table cuenta_emisor drop foreign key FKehqg6tsbly8qwgv433d8lj6mi
2017-11-29 12:14:11 DEBUG org.hibernate.SQL:92 [UUID=] - drop table if exists comprobante
2017-11-29 12:14:11 DEBUG org.hibernate.SQL:92 [UUID=] - drop table if exists configuracion
2017-11-29 12:14:11 DEBUG org.hibernate.SQL:92 [UUID=] - drop table if exists cuenta_emisor
2017-11-29 12:14:11 DEBUG org.hibernate.SQL:92 [UUID=] - drop table if exists reporte
2017-11-29 12:14:56 INFO  c.c.r.i.RepresentacionImpresaApplication:48 [UUID=] - Starting RepresentacionImpresaApplication on cesarvarela-PC with PID 15616 (/home/cesarvarela/CUBETECH/CFDI/representacionImpresa/target/classes started by cesarvarela in /home/cesarvarela/CUBETECH/CFDI/representacionImpresa)
2017-11-29 12:14:56 DEBUG c.c.r.i.RepresentacionImpresaApplication:51 [UUID=] - Running with Spring Boot v1.5.8.RELEASE, Spring v4.3.12.RELEASE
2017-11-29 12:14:56 INFO  c.c.r.i.RepresentacionImpresaApplication:597 [UUID=] - The following profiles are active: local
2017-11-29 12:15:01 DEBUG org.hibernate.SQL:92 [UUID=] - alter table comprobante drop foreign key FKph8yme7khkimxagrm8o4wpjex
2017-11-29 12:15:01 DEBUG org.hibernate.SQL:92 [UUID=] - alter table cuenta_emisor drop foreign key FKehqg6tsbly8qwgv433d8lj6mi
2017-11-29 12:15:01 DEBUG org.hibernate.SQL:92 [UUID=] - drop table if exists comprobante
2017-11-29 12:15:01 DEBUG org.hibernate.SQL:92 [UUID=] - drop table if exists configuracion
2017-11-29 12:15:01 DEBUG org.hibernate.SQL:92 [UUID=] - drop table if exists cuenta_emisor
2017-11-29 12:15:01 DEBUG org.hibernate.SQL:92 [UUID=] - drop table if exists reporte
2017-11-29 12:15:01 DEBUG org.hibernate.SQL:92 [UUID=] - create table comprobante (uuid varchar(255) not null, emisor tinyblob, logo tinyblob, receptor_direccion varchar(255), receptor_ubicacion varchar(255), reporte_id bigint not null, primary key (uuid))
2017-11-29 12:15:01 DEBUG org.hibernate.SQL:92 [UUID=] - create table configuracion (llave varchar(255) not null, valor varchar(255), primary key (llave))
2017-11-29 12:15:01 DEBUG org.hibernate.SQL:92 [UUID=] - create table cuenta_emisor (cuenta varchar(255) not null, emisor varchar(255) not null, tipo_comprobante varchar(255) not null, reporte_id bigint not null, primary key (cuenta, emisor, tipo_comprobante))
2017-11-29 12:15:02 DEBUG org.hibernate.SQL:92 [UUID=] - create table reporte (id bigint not null auto_increment, activo bit not null, uri varchar(255) not null, primary key (id))
2017-11-29 12:15:02 DEBUG org.hibernate.SQL:92 [UUID=] - alter table reporte add constraint UK_kq24x73e2g6ssr3gaqhg4iuou unique (uri)
2017-11-29 12:15:02 DEBUG org.hibernate.SQL:92 [UUID=] - alter table comprobante add constraint FKph8yme7khkimxagrm8o4wpjex foreign key (reporte_id) references reporte (id)
2017-11-29 12:15:03 DEBUG org.hibernate.SQL:92 [UUID=] - alter table cuenta_emisor add constraint FKehqg6tsbly8qwgv433d8lj6mi foreign key (reporte_id) references reporte (id)
2017-11-29 12:15:04 INFO  c.c.r.i.RepresentacionImpresaApplication:20 [UUID=] - Spring boot application running in UTC timezone :Wed Nov 29 12:15:04 CST 2017
2017-11-29 12:15:05 INFO  c.c.r.i.RepresentacionImpresaApplication:57 [UUID=] - Started RepresentacionImpresaApplication in 9.051 seconds (JVM running for 9.699)
2017-11-29 12:15:41 DEBUG org.hibernate.SQL:92 [UUID=] - alter table comprobante drop foreign key FKph8yme7khkimxagrm8o4wpjex
2017-11-29 12:15:41 DEBUG org.hibernate.SQL:92 [UUID=] - alter table cuenta_emisor drop foreign key FKehqg6tsbly8qwgv433d8lj6mi
2017-11-29 12:15:42 DEBUG org.hibernate.SQL:92 [UUID=] - drop table if exists comprobante
2017-11-29 12:15:42 DEBUG org.hibernate.SQL:92 [UUID=] - drop table if exists configuracion
2017-11-29 12:15:42 DEBUG org.hibernate.SQL:92 [UUID=] - drop table if exists cuenta_emisor
2017-11-29 12:15:42 DEBUG org.hibernate.SQL:92 [UUID=] - drop table if exists reporte
2017-11-29 12:15:46 INFO  c.c.r.i.RepresentacionImpresaApplication:48 [UUID=] - Starting RepresentacionImpresaApplication on cesarvarela-PC with PID 15747 (/home/cesarvarela/CUBETECH/CFDI/representacionImpresa/target/classes started by cesarvarela in /home/cesarvarela/CUBETECH/CFDI/representacionImpresa)
2017-11-29 12:15:46 DEBUG c.c.r.i.RepresentacionImpresaApplication:51 [UUID=] - Running with Spring Boot v1.5.8.RELEASE, Spring v4.3.12.RELEASE
2017-11-29 12:15:46 INFO  c.c.r.i.RepresentacionImpresaApplication:597 [UUID=] - The following profiles are active: local
2017-11-29 12:15:51 DEBUG org.hibernate.SQL:92 [UUID=] - alter table comprobante drop foreign key FKph8yme7khkimxagrm8o4wpjex
2017-11-29 12:15:51 DEBUG org.hibernate.SQL:92 [UUID=] - alter table cuenta_emisor drop foreign key FKehqg6tsbly8qwgv433d8lj6mi
2017-11-29 12:15:51 DEBUG org.hibernate.SQL:92 [UUID=] - drop table if exists comprobante
2017-11-29 12:15:51 DEBUG org.hibernate.SQL:92 [UUID=] - drop table if exists configuracion
2017-11-29 12:15:51 DEBUG org.hibernate.SQL:92 [UUID=] - drop table if exists cuenta_emisor
2017-11-29 12:15:51 DEBUG org.hibernate.SQL:92 [UUID=] - drop table if exists reporte
2017-11-29 12:15:51 DEBUG org.hibernate.SQL:92 [UUID=] - create table comprobante (uuid varchar(255) not null, emisor_direccion varchar(255), emisor_ubicacion varchar(255), logo_id bigint, receptor_direccion varchar(255), receptor_ubicacion varchar(255), reporte_id bigint not null, primary key (uuid))
2017-11-29 12:15:51 DEBUG org.hibernate.SQL:92 [UUID=] - create table configuracion (llave varchar(255) not null, valor varchar(255), primary key (llave))
2017-11-29 12:15:51 DEBUG org.hibernate.SQL:92 [UUID=] - create table cuenta_emisor (cuenta varchar(255) not null, emisor varchar(255) not null, tipo_comprobante varchar(255) not null, reporte_id bigint not null, primary key (cuenta, emisor, tipo_comprobante))
2017-11-29 12:15:52 DEBUG org.hibernate.SQL:92 [UUID=] - create table reporte (id bigint not null auto_increment, activo bit not null, uri varchar(255) not null, primary key (id))
2017-11-29 12:15:52 DEBUG org.hibernate.SQL:92 [UUID=] - alter table reporte add constraint UK_kq24x73e2g6ssr3gaqhg4iuou unique (uri)
2017-11-29 12:15:52 DEBUG org.hibernate.SQL:92 [UUID=] - alter table comprobante add constraint FKph8yme7khkimxagrm8o4wpjex foreign key (reporte_id) references reporte (id)
2017-11-29 12:15:53 DEBUG org.hibernate.SQL:92 [UUID=] - alter table cuenta_emisor add constraint FKehqg6tsbly8qwgv433d8lj6mi foreign key (reporte_id) references reporte (id)
2017-11-29 12:15:54 INFO  c.c.r.i.RepresentacionImpresaApplication:20 [UUID=] - Spring boot application running in UTC timezone :Wed Nov 29 12:15:54 CST 2017
2017-11-29 12:15:55 INFO  c.c.r.i.RepresentacionImpresaApplication:57 [UUID=] - Started RepresentacionImpresaApplication in 10.11 seconds (JVM running for 10.728)
